<?xml version="1.0" encoding="UTF-8"?>
<testng-results ignored="0" total="1" passed="1" failed="0" skipped="0">
  <reporter-output>
  </reporter-output>
  <suite started-at="2025-02-04T16:15:55 IST" name="MySuite" finished-at="2025-02-04T16:16:05 IST" duration-ms="9847">
    <groups>
    </groups>
    <test started-at="2025-02-04T16:15:55 IST" name="MyTest" finished-at="2025-02-04T16:16:05 IST" duration-ms="9847">
      <class name="Login">
        <test-method is-config="true" signature="config()[pri:0, instance:Login@6dc17b83]" started-at="2025-02-04T16:15:51 IST" name="config" finished-at="2025-02-04T16:15:55 IST" duration-ms="3879" status="PASS">
          <reporter-output>
          </reporter-output>
        </test-method> <!-- config -->
        <test-method signature="openUrl()[pri:0, instance:Login@6dc17b83]" started-at="2025-02-04T16:15:55 IST" name="openUrl" finished-at="2025-02-04T16:16:05 IST" duration-ms="9810" status="PASS">
          <reporter-output>
          </reporter-output>
        </test-method> <!-- openUrl -->
      </class> <!-- Login -->
    </test> <!-- MyTest -->
  </suite> <!-- MySuite -->
</testng-results>
